/*C1*/SET SCHEMA SYSTEM_LOBS
INSERT INTO BLOCKS VALUES(0,2147483647,0)
COMMIT
/*C3*/SET SCHEMA PUBLIC
\u000a    drop table USERS_INFO if exists
\u000a    create table USERS_INFO (\u000a        USER_ID bigint generated by default as identity (start with 1),\u000a        USERNAME varchar(255),\u000a        AGE integer,\u000a        SALARY double,\u000a        primary key (USER_ID)\u000a    )
/*C2*/SET SCHEMA PUBLIC
DISCONNECT
/*C4*/SET SCHEMA PUBLIC
DISCONNECT
/*C6*/SET SCHEMA PUBLIC
INSERT INTO USERS_INFO VALUES(1,'Ram',30,70000.0E0)
COMMIT
INSERT INTO USERS_INFO VALUES(2,'Ram',30,70000.0E0)
COMMIT
DISCONNECT
/*C7*/SET SCHEMA PUBLIC
INSERT INTO USERS_INFO VALUES(3,'Ram',30,70000.0E0)
COMMIT
/*C8*/SET SCHEMA PUBLIC
DISCONNECT
/*C9*/SET SCHEMA PUBLIC
DISCONNECT
/*C10*/SET SCHEMA PUBLIC
DISCONNECT
/*C3*/DISCONNECT
/*C11*/SET SCHEMA PUBLIC
DISCONNECT
/*C7*/DISCONNECT
/*C12*/SET SCHEMA PUBLIC
\u000a    drop table USERS_INFO if exists
\u000a    create table USERS_INFO (\u000a        USER_ID bigint generated by default as identity (start with 1),\u000a        USERNAME varchar(255),\u000a        AGE integer,\u000a        SALARY double,\u000a        primary key (USER_ID)\u000a    )
/*C13*/SET SCHEMA PUBLIC
DISCONNECT
/*C14*/SET SCHEMA PUBLIC
INSERT INTO USERS_INFO VALUES(1,'Ram',30,70000.0E0)
COMMIT
INSERT INTO USERS_INFO VALUES(2,'Shafak',32,90000.0E0)
COMMIT
/*C15*/SET SCHEMA PUBLIC
DISCONNECT
/*C16*/SET SCHEMA PUBLIC
DISCONNECT
/*C12*/DISCONNECT
/*C14*/DISCONNECT
/*C17*/SET SCHEMA PUBLIC
\u000a    drop table USERS_INFO if exists
\u000a    create table USERS_INFO (\u000a        USER_ID bigint generated by default as identity (start with 1),\u000a        USERNAME varchar(255),\u000a        AGE integer,\u000a        SALARY double,\u000a        primary key (USER_ID)\u000a    )
/*C19*/SET SCHEMA PUBLIC
DISCONNECT
/*C18*/SET SCHEMA PUBLIC
DISCONNECT
/*C17*/DISCONNECT
/*C20*/SET SCHEMA PUBLIC
\u000a    drop table USERS_INFO if exists
\u000a    create table USERS_INFO (\u000a        USER_ID bigint generated by default as identity (start with 1),\u000a        USERNAME varchar(255),\u000a        AGE integer,\u000a        SALARY double,\u000a        primary key (USER_ID)\u000a    )
DISCONNECT
/*C21*/SET SCHEMA PUBLIC
\u000a    drop table USERS_INFO if exists
\u000a    create table USERS_INFO (\u000a        USER_ID bigint generated by default as identity (start with 1),\u000a        USERNAME varchar(255),\u000a        AGE integer,\u000a        SALARY double,\u000a        primary key (USER_ID)\u000a    )
DISCONNECT
/*C22*/SET SCHEMA PUBLIC
DISCONNECT
/*C23*/SET SCHEMA PUBLIC
\u000a    drop table USERS_INFO if exists
\u000a    create table USERS_INFO (\u000a        USER_ID bigint generated by default as identity (start with 1),\u000a        USERNAME varchar(255),\u000a        AGE integer,\u000a        SALARY double,\u000a        primary key (USER_ID)\u000a    )
/*C24*/SET SCHEMA PUBLIC
DISCONNECT
/*C25*/SET SCHEMA PUBLIC
DISCONNECT
/*C26*/SET SCHEMA PUBLIC
DISCONNECT
/*C23*/DISCONNECT
/*C27*/SET SCHEMA PUBLIC
\u000a    drop table USERS_INFO if exists
\u000a    create table USERS_INFO (\u000a        USER_ID bigint generated by default as identity (start with 1),\u000a        USERNAME varchar(255),\u000a        AGE integer,\u000a        SALARY double,\u000a        primary key (USER_ID)\u000a    )
DISCONNECT
/*C28*/SET SCHEMA PUBLIC
\u000a    drop table USERS_INFO if exists
\u000a    create table USERS_INFO (\u000a        USER_ID bigint generated by default as identity (start with 1),\u000a        USERNAME varchar(255),\u000a        AGE integer,\u000a        SALARY double,\u000a        primary key (USER_ID)\u000a    )
/*C29*/SET SCHEMA PUBLIC
DISCONNECT
/*C28*/DISCONNECT
/*C30*/SET SCHEMA PUBLIC
\u000a    drop table USERS_INFO if exists
\u000a    create table USERS_INFO (\u000a        USER_ID bigint generated by default as identity (start with 1),\u000a        USERNAME varchar(255),\u000a        AGE integer,\u000a        SALARY double,\u000a        primary key (USER_ID)\u000a    )
DISCONNECT
/*C31*/SET SCHEMA PUBLIC
\u000a    drop table USERS_INFO if exists
\u000a    create table USERS_INFO (\u000a        USER_ID bigint generated by default as identity (start with 1),\u000a        USERNAME varchar(255),\u000a        AGE integer,\u000a        SALARY double,\u000a        primary key (USER_ID)\u000a    )
DISCONNECT
/*C32*/SET SCHEMA PUBLIC
\u000a    drop table USERS_INFO if exists
\u000a    create table USERS_INFO (\u000a        USER_ID bigint generated by default as identity (start with 1),\u000a        USERNAME varchar(255),\u000a        AGE integer,\u000a        SALARY double,\u000a        primary key (USER_ID)\u000a    )
/*C33*/SET SCHEMA PUBLIC
DISCONNECT
/*C34*/SET SCHEMA PUBLIC
DISCONNECT
/*C32*/DISCONNECT
/*C35*/SET SCHEMA PUBLIC
\u000a    drop table USERS_INFO if exists
\u000a    create table USERS_INFO (\u000a        USER_ID bigint generated by default as identity (start with 1),\u000a        USERNAME varchar(255),\u000a        AGE integer,\u000a        SALARY double,\u000a        primary key (USER_ID)\u000a    )
DISCONNECT
/*C36*/SET SCHEMA PUBLIC
\u000a    drop table USERS_INFO if exists
\u000a    create table USERS_INFO (\u000a        USER_ID bigint generated by default as identity (start with 1),\u000a        USERNAME varchar(255),\u000a        AGE integer,\u000a        SALARY double,\u000a        primary key (USER_ID)\u000a    )
DISCONNECT
/*C37*/SET SCHEMA PUBLIC
\u000a    drop table USERS_INFO if exists
\u000a    create table USERS_INFO (\u000a        USER_ID bigint generated by default as identity (start with 1),\u000a        USERNAME varchar(255),\u000a        AGE integer,\u000a        SALARY double,\u000a        primary key (USER_ID)\u000a    )
/*C38*/SET SCHEMA PUBLIC
DISCONNECT
/*C39*/SET SCHEMA PUBLIC
DISCONNECT
/*C40*/SET SCHEMA PUBLIC
DISCONNECT
/*C37*/DISCONNECT
/*C41*/SET SCHEMA PUBLIC
\u000a    drop table USERS_INFO if exists
\u000a    create table USERS_INFO (\u000a        USER_ID bigint generated by default as identity (start with 1),\u000a        USERNAME varchar(255),\u000a        AGE integer,\u000a        SALARY double,\u000a        primary key (USER_ID)\u000a    )
/*C42*/SET SCHEMA PUBLIC
DISCONNECT
/*C41*/DISCONNECT
/*C43*/SET SCHEMA PUBLIC
\u000a    drop table USERS_INFO if exists
\u000a    create table USERS_INFO (\u000a        USER_ID bigint generated by default as identity (start with 1),\u000a        USERNAME varchar(255),\u000a        AGE integer,\u000a        SALARY double,\u000a        primary key (USER_ID)\u000a    )
DISCONNECT
/*C44*/SET SCHEMA PUBLIC
DISCONNECT
/*C45*/SET SCHEMA PUBLIC
\u000a    drop table USERS_INFO if exists
\u000a    create table USERS_INFO (\u000a        USER_ID bigint generated by default as identity (start with 1),\u000a        USERNAME varchar(255),\u000a        AGE integer,\u000a        SALARY double,\u000a        primary key (USER_ID)\u000a    )
/*C46*/SET SCHEMA PUBLIC
DISCONNECT
/*C45*/DISCONNECT
/*C47*/SET SCHEMA PUBLIC
\u000a    drop table USERS_INFO if exists
\u000a    create table USERS_INFO (\u000a        USER_ID bigint generated by default as identity (start with 1),\u000a        USERNAME varchar(255),\u000a        AGE integer,\u000a        SALARY double,\u000a        primary key (USER_ID)\u000a    )
DISCONNECT
